C:\D\GITHUB\SCITER-SDK\DEMOS\SCITER-OPENGL\DEBUG\SCITER.PCH
C:\D\GITHUB\SCITER-SDK\DEMOS\SCITER-OPENGL\DEBUG\STDAFX.OBJ
C:\D\GITHUB\SCITER-SDK\DEMOS\SCITER-OPENGL\DEBUG\VC110.PDB
C:\D\GITHUB\SCITER-SDK\DEMOS\SCITER-OPENGL\DEBUG\BEHAVIOR_CAMERA_CAPTURE.OBJ
C:\D\GITHUB\SCITER-SDK\DEMOS\SCITER-OPENGL\DEBUG\BEHAVIOR_DRAWING-GDI.OBJ
C:\D\GITHUB\SCITER-SDK\DEMOS\SCITER-OPENGL\DEBUG\BEHAVIOR_DRAWING.OBJ
C:\D\GITHUB\SCITER-SDK\DEMOS\SCITER-OPENGL\DEBUG\BEHAVIOR_TABS.OBJ
C:\D\GITHUB\SCITER-SDK\DEMOS\SCITER-OPENGL\DEBUG\BEHAVIOR_VIDEO_GENERATOR.OBJ
C:\D\GITHUB\SCITER-SDK\DEMOS\SCITER-OPENGL\DEBUG\MAIN.OBJ
C:\D\GITHUB\SCITER-SDK\DEMOS\SCITER-OPENGL\DEBUG\SCITER.OBJ
C:\D\GITHUB\SCITER-SDK\BIN\SCITER.ILK
C:\D\GITHUB\SCITER-SDK\BIN\SCITER.EXE
C:\D\GITHUB\SCITER-SDK\BIN\SCITER.PDB
C:\D\GITHUB\SCITER-SDK\DEMOS\SCITER-OPENGL\DEBUG\SCITER.RES
C:\D\github\sciter-sdk\demos\sciter-opengl\Debug\behavior_camera_capture.obj
C:\D\github\sciter-sdk\demos\sciter-opengl\Debug\behavior_drawing-gdi.obj
C:\D\github\sciter-sdk\demos\sciter-opengl\Debug\behavior_drawing.obj
C:\D\github\sciter-sdk\demos\sciter-opengl\Debug\behavior_tabs.obj
C:\D\github\sciter-sdk\demos\sciter-opengl\Debug\behavior_video_generator.obj
C:\D\github\sciter-sdk\demos\sciter-opengl\Debug\main.obj
C:\D\github\sciter-sdk\demos\sciter-opengl\Debug\sciter.obj
C:\D\github\sciter-sdk\demos\sciter-opengl\Debug\stdafx.obj
C:\D\github\sciter-sdk\demos\sciter-opengl\Debug\cl.command.1.tlog
C:\D\github\sciter-sdk\demos\sciter-opengl\Debug\CL.read.1.tlog
C:\D\github\sciter-sdk\demos\sciter-opengl\Debug\CL.write.1.tlog
C:\D\github\sciter-sdk\demos\sciter-opengl\Debug\link-cvtres.read.1.tlog
C:\D\github\sciter-sdk\demos\sciter-opengl\Debug\link-cvtres.write.1.tlog
C:\D\github\sciter-sdk\demos\sciter-opengl\Debug\link-mt.read.1.tlog
C:\D\github\sciter-sdk\demos\sciter-opengl\Debug\link-mt.write.1.tlog
C:\D\github\sciter-sdk\demos\sciter-opengl\Debug\link-rc.read.1.tlog
C:\D\github\sciter-sdk\demos\sciter-opengl\Debug\link-rc.write.1.tlog
C:\D\github\sciter-sdk\demos\sciter-opengl\Debug\link.1924-cvtres.read.1.tlog
C:\D\github\sciter-sdk\demos\sciter-opengl\Debug\link.1924-cvtres.write.1.tlog
C:\D\github\sciter-sdk\demos\sciter-opengl\Debug\link.1924-mt.read.1.tlog
C:\D\github\sciter-sdk\demos\sciter-opengl\Debug\link.1924-mt.write.1.tlog
C:\D\github\sciter-sdk\demos\sciter-opengl\Debug\link.1924-rc.read.1.tlog
C:\D\github\sciter-sdk\demos\sciter-opengl\Debug\link.1924-rc.write.1.tlog
C:\D\github\sciter-sdk\demos\sciter-opengl\Debug\link.1924.read.1.tlog
C:\D\github\sciter-sdk\demos\sciter-opengl\Debug\link.1924.write.1.tlog
C:\D\github\sciter-sdk\demos\sciter-opengl\Debug\link.240-cvtres.read.1.tlog
C:\D\github\sciter-sdk\demos\sciter-opengl\Debug\link.240-cvtres.write.1.tlog
C:\D\github\sciter-sdk\demos\sciter-opengl\Debug\link.240-mt.read.1.tlog
C:\D\github\sciter-sdk\demos\sciter-opengl\Debug\link.240-mt.write.1.tlog
C:\D\github\sciter-sdk\demos\sciter-opengl\Debug\link.240-rc.read.1.tlog
C:\D\github\sciter-sdk\demos\sciter-opengl\Debug\link.240-rc.write.1.tlog
C:\D\github\sciter-sdk\demos\sciter-opengl\Debug\link.240.read.1.tlog
C:\D\github\sciter-sdk\demos\sciter-opengl\Debug\link.240.write.1.tlog
C:\D\github\sciter-sdk\demos\sciter-opengl\Debug\link.3424-cvtres.read.1.tlog
C:\D\github\sciter-sdk\demos\sciter-opengl\Debug\link.3424-cvtres.write.1.tlog
C:\D\github\sciter-sdk\demos\sciter-opengl\Debug\link.3424-mt.read.1.tlog
C:\D\github\sciter-sdk\demos\sciter-opengl\Debug\link.3424-mt.write.1.tlog
C:\D\github\sciter-sdk\demos\sciter-opengl\Debug\link.3424-rc.read.1.tlog
C:\D\github\sciter-sdk\demos\sciter-opengl\Debug\link.3424-rc.write.1.tlog
C:\D\github\sciter-sdk\demos\sciter-opengl\Debug\link.3424.read.1.tlog
C:\D\github\sciter-sdk\demos\sciter-opengl\Debug\link.3424.write.1.tlog
C:\D\github\sciter-sdk\demos\sciter-opengl\Debug\link.4852-cvtres.read.1.tlog
C:\D\github\sciter-sdk\demos\sciter-opengl\Debug\link.4852-cvtres.write.1.tlog
C:\D\github\sciter-sdk\demos\sciter-opengl\Debug\link.4852-mt.read.1.tlog
C:\D\github\sciter-sdk\demos\sciter-opengl\Debug\link.4852-mt.write.1.tlog
C:\D\github\sciter-sdk\demos\sciter-opengl\Debug\link.4852-rc.read.1.tlog
C:\D\github\sciter-sdk\demos\sciter-opengl\Debug\link.4852-rc.write.1.tlog
C:\D\github\sciter-sdk\demos\sciter-opengl\Debug\link.4852.read.1.tlog
C:\D\github\sciter-sdk\demos\sciter-opengl\Debug\link.4852.write.1.tlog
C:\D\github\sciter-sdk\demos\sciter-opengl\Debug\link.5012-cvtres.read.1.tlog
C:\D\github\sciter-sdk\demos\sciter-opengl\Debug\link.5012-cvtres.write.1.tlog
C:\D\github\sciter-sdk\demos\sciter-opengl\Debug\link.5012-mt.read.1.tlog
C:\D\github\sciter-sdk\demos\sciter-opengl\Debug\link.5012-mt.write.1.tlog
C:\D\github\sciter-sdk\demos\sciter-opengl\Debug\link.5012-rc.read.1.tlog
C:\D\github\sciter-sdk\demos\sciter-opengl\Debug\link.5012-rc.write.1.tlog
C:\D\github\sciter-sdk\demos\sciter-opengl\Debug\link.5012.read.1.tlog
C:\D\github\sciter-sdk\demos\sciter-opengl\Debug\link.5012.write.1.tlog
C:\D\github\sciter-sdk\demos\sciter-opengl\Debug\link.620-cvtres.read.1.tlog
C:\D\github\sciter-sdk\demos\sciter-opengl\Debug\link.620-cvtres.write.1.tlog
C:\D\github\sciter-sdk\demos\sciter-opengl\Debug\link.620-mt.read.1.tlog
C:\D\github\sciter-sdk\demos\sciter-opengl\Debug\link.620-mt.write.1.tlog
C:\D\github\sciter-sdk\demos\sciter-opengl\Debug\link.620-rc.read.1.tlog
C:\D\github\sciter-sdk\demos\sciter-opengl\Debug\link.620-rc.write.1.tlog
C:\D\github\sciter-sdk\demos\sciter-opengl\Debug\link.620.read.1.tlog
C:\D\github\sciter-sdk\demos\sciter-opengl\Debug\link.620.write.1.tlog
C:\D\github\sciter-sdk\demos\sciter-opengl\Debug\link.7264-cvtres.read.1.tlog
C:\D\github\sciter-sdk\demos\sciter-opengl\Debug\link.7264-cvtres.write.1.tlog
C:\D\github\sciter-sdk\demos\sciter-opengl\Debug\link.7264-mt.read.1.tlog
C:\D\github\sciter-sdk\demos\sciter-opengl\Debug\link.7264-mt.write.1.tlog
C:\D\github\sciter-sdk\demos\sciter-opengl\Debug\link.7264-rc.read.1.tlog
C:\D\github\sciter-sdk\demos\sciter-opengl\Debug\link.7264-rc.write.1.tlog
C:\D\github\sciter-sdk\demos\sciter-opengl\Debug\link.7264.read.1.tlog
C:\D\github\sciter-sdk\demos\sciter-opengl\Debug\link.7264.write.1.tlog
C:\D\github\sciter-sdk\demos\sciter-opengl\Debug\link.8004-cvtres.read.1.tlog
C:\D\github\sciter-sdk\demos\sciter-opengl\Debug\link.8004-cvtres.write.1.tlog
C:\D\github\sciter-sdk\demos\sciter-opengl\Debug\link.8004-mt.read.1.tlog
C:\D\github\sciter-sdk\demos\sciter-opengl\Debug\link.8004-mt.write.1.tlog
C:\D\github\sciter-sdk\demos\sciter-opengl\Debug\link.8004-rc.read.1.tlog
C:\D\github\sciter-sdk\demos\sciter-opengl\Debug\link.8004-rc.write.1.tlog
C:\D\github\sciter-sdk\demos\sciter-opengl\Debug\link.8004.read.1.tlog
C:\D\github\sciter-sdk\demos\sciter-opengl\Debug\link.8004.write.1.tlog
C:\D\github\sciter-sdk\demos\sciter-opengl\Debug\link.8444-cvtres.read.1.tlog
C:\D\github\sciter-sdk\demos\sciter-opengl\Debug\link.8444-cvtres.write.1.tlog
C:\D\github\sciter-sdk\demos\sciter-opengl\Debug\link.8444-mt.read.1.tlog
C:\D\github\sciter-sdk\demos\sciter-opengl\Debug\link.8444-mt.write.1.tlog
C:\D\github\sciter-sdk\demos\sciter-opengl\Debug\link.8444-rc.read.1.tlog
C:\D\github\sciter-sdk\demos\sciter-opengl\Debug\link.8444-rc.write.1.tlog
C:\D\github\sciter-sdk\demos\sciter-opengl\Debug\link.8444.read.1.tlog
C:\D\github\sciter-sdk\demos\sciter-opengl\Debug\link.8444.write.1.tlog
C:\D\github\sciter-sdk\demos\sciter-opengl\Debug\link.command.1.tlog
C:\D\github\sciter-sdk\demos\sciter-opengl\Debug\link.read.1.tlog
C:\D\github\sciter-sdk\demos\sciter-opengl\Debug\link.write.1.tlog
C:\D\github\sciter-sdk\demos\sciter-opengl\Debug\rc.command.1.tlog
C:\D\github\sciter-sdk\demos\sciter-opengl\Debug\rc.read.1.tlog
C:\D\github\sciter-sdk\demos\sciter-opengl\Debug\rc.write.1.tlog
C:\D\github\sciter-sdk\demos\sciter-opengl\Debug\sciter.res
C:\D\github\sciter-sdk\demos\sciter-opengl\Debug\sciter.pch
C:\D\github\sciter-sdk\demos\sciter-opengl\Debug\vc110.idb
C:\D\github\sciter-sdk\demos\sciter-opengl\Debug\vc110.pdb
C:\D\github\sciter-sdk\demos\sciter-opengl\..\..\bin\sciter.exe
